#
# There is insufficient memory for the Java Runtime Environment to continue.
# Native memory allocation (malloc) failed to allocate 371856 bytes for Chunk::new
# Possible reasons:
#   The system is out of physical RAM or swap space
#   In 32 bit mode, the process size limit was hit
# Possible solutions:
#   Reduce memory load on the system
#   Increase physical memory or swap space
#   Check if swap backing store is full
#   Use 64 bit Java on a 64 bit OS
#   Decrease Java heap size (-Xmx/-Xms)
#   Decrease number of Java threads
#   Decrease Java thread stack sizes (-Xss)
#   Set larger code cache with -XX:ReservedCodeCacheSize=
# This output file may be truncated or incomplete.
#
#  Out of Memory Error (allocation.cpp:390), pid=980, tid=0x0000000000001d84
#
# JRE version: OpenJDK Runtime Environment (8.0_112-b06) (build 1.8.0_112-release-b06)
# Java VM: OpenJDK 64-Bit Server VM (25.112-b06 mixed mode windows-amd64 compressed oops)
# Failed to write core dump. Minidumps are not enabled by default on client versions of Windows
#

---------------  T H R E A D  ---------------

Current thread (0x0000000015cb0800):  JavaThread "C2 CompilerThread1" daemon [_thread_in_native, id=7556, stack(0x00000000173f0000,0x00000000174f0000)]

Stack: [0x00000000173f0000,0x00000000174f0000]
[error occurred during error reporting (printing stack bounds), id 0xc0000005]

Native frames: (J=compiled Java code, j=interpreted, Vv=VM code, C=native code)


Current CompileTask:
C2:   3038 1257   !   4       java.lang.ClassLoader::loadClass (122 bytes)


---------------  P R O C E S S  ---------------

Java Threads: ( => current thread )
  0x0000000018ebd000 JavaThread "Stdin handler" [_thread_blocked, id=14176, stack(0x000000001a360000,0x000000001a460000)]
  0x0000000018ebc800 JavaThread "Asynchronous log dispatcher for DefaultDaemonConnection: socket connection from /127.0.0.1:50407 to /127.0.0.1:50408" [_thread_blocked, id=9076, stack(0x000000001a260000,0x000000001a360000)]
  0x0000000018731000 JavaThread "Daemon worker" [_thread_in_vm, id=3652, stack(0x000000001a160000,0x000000001a260000)]
  0x0000000018a34000 JavaThread "Cancel handler" [_thread_blocked, id=13896, stack(0x000000001a060000,0x000000001a160000)]
  0x0000000018a3e000 JavaThread "pool-1-thread-1" [_thread_blocked, id=13892, stack(0x0000000019f60000,0x000000001a060000)]
  0x0000000018c94000 JavaThread "Handler for socket connection from /127.0.0.1:50407 to /127.0.0.1:50408" [_thread_in_native, id=8624, stack(0x0000000019e60000,0x0000000019f60000)]
  0x0000000018c8f800 JavaThread "Daemon" [_thread_blocked, id=500, stack(0x0000000019d60000,0x0000000019e60000)]
  0x0000000018740000 JavaThread "Incoming local TCP Connector on port 50407" [_thread_in_native, id=9196, stack(0x00000000193c0000,0x00000000194c0000)]
  0x0000000017620800 JavaThread "Service Thread" daemon [_thread_blocked, id=10672, stack(0x00000000179f0000,0x0000000017af0000)]
  0x0000000015cb8000 JavaThread "C1 CompilerThread2" daemon [_thread_blocked, id=12564, stack(0x00000000174f0000,0x00000000175f0000)]
=>0x0000000015cb0800 JavaThread "C2 CompilerThread1" daemon [_thread_in_native, id=7556, stack(0x00000000173f0000,0x00000000174f0000)]
  0x0000000015cae800 JavaThread "C2 CompilerThread0" daemon [_thread_in_native, id=12844, stack(0x00000000172f0000,0x00000000173f0000)]
  0x0000000015cad000 JavaThread "Attach Listener" daemon [_thread_blocked, id=9740, stack(0x00000000171f0000,0x00000000172f0000)]
  0x0000000015ca9800 JavaThread "Signal Dispatcher" daemon [_thread_blocked, id=14444, stack(0x00000000170f0000,0x00000000171f0000)]
  0x0000000015c98800 JavaThread "Finalizer" daemon [_thread_blocked, id=14852, stack(0x0000000016f00000,0x0000000017000000)]
  0x0000000002261000 JavaThread "Reference Handler" daemon [_thread_blocked, id=13640, stack(0x0000000016e00000,0x0000000016f00000)]
  0x000000000233d800 JavaThread "main" [_thread_blocked, id=9068, stack(0x0000000002050000,0x0000000002150000)]

Other Threads:
  0x0000000015c75800 VMThread [stack: 0x0000000016d00000,0x0000000016e00000] [id=10264]
  0x0000000015d0c800 WatcherThread [stack: 0x0000000017af0000,0x0000000017bf0000] [id=9024]

VM state:not at safepoint (normal execution)

VM Mutex/Monitor currently owned by a thread: None

Heap:
 PSYoungGen      total 36864K, used 17983K [0x00000000e0000000, 0x00000000e2900000, 0x0000000100000000)
  eden space 31744K, 40% used [0x00000000e0000000,0x00000000e0c96330,0x00000000e1f00000)
  from space 5120K, 99% used [0x00000000e2400000,0x00000000e28f99e8,0x00000000e2900000)
  to   space 5120K, 0% used [0x00000000e1f00000,0x00000000e1f00000,0x00000000e2400000)
 ParOldGen       total 84992K, used 695K [0x00000000a0000000, 0x00000000a5300000, 0x00000000e0000000)
  object space 84992K, 0% used [0x00000000a0000000,0x00000000a00adce0,0x00000000a5300000)
 Metaspace       used 13796K, capacity 14066K, committed 14336K, reserved 1060864K
  class space    used 1864K, capacity 1970K, committed 2048K, reserved 1048576K

Card table byte_map: [0x0000000011700000,0x0000000011a10000] byte_map_base: 0x0000000011200000

Marking Bits: (ParMarkBitMap*) 0x000000006c1018f0
 Begin Bits: [0x0000000012010000, 0x0000000013810000)
 End Bits:   [0x0000000013810000, 0x0000000015010000)

Polling page: 0x00000000003f0000

CodeCache: size=245760Kb used=4564Kb max_used=4574Kb free=241195Kb
 bounds [0x0000000002340000, 0x00000000027c0000, 0x0000000011340000]
 total_blobs=1653 nmethods=1271 adapters=296
 compilation: enabled

Compilation events (10 events):
Event: 3.006 Thread 0x0000000015cae800 nmethod 1271 0x00000000027a5950 code [0x00000000027a5aa0, 0x00000000027a5bb8]
Event: 3.006 Thread 0x0000000015cae800 1272       4       org.gradle.internal.service.DefaultServiceRegistry$SingletonService::getService (21 bytes)
Event: 3.006 Thread 0x0000000015cb8000 nmethod 1269 0x00000000027b2750 code [0x00000000027b2980, 0x00000000027b36e8]
Event: 3.006 Thread 0x0000000015cb8000 1270       3       java.lang.reflect.Executable::getGenericParameterTypes (20 bytes)
Event: 3.007 Thread 0x0000000015cb8000 nmethod 1270 0x00000000027b2050 code [0x00000000027b21e0, 0x00000000027b2658]
Event: 3.009 Thread 0x0000000015cae800 nmethod 1272 0x00000000027b8ed0 code [0x00000000027b9040, 0x00000000027b9408]
Event: 3.024 Thread 0x0000000015cb8000 1273       3       sun.reflect.ReflectionFactory::inflationThreshold (4 bytes)
Event: 3.025 Thread 0x0000000015cb8000 nmethod 1273 0x00000000027b1b50 code [0x00000000027b1ca0, 0x00000000027b1dd0]
Event: 3.030 Thread 0x0000000015cae800 1274       4       java.nio.DirectLongBufferU::put (18 bytes)
Event: 3.031 Thread 0x0000000015cae800 nmethod 1274 0x00000000027b18d0 code [0x00000000027b1a00, 0x00000000027b1a98]

GC Heap History (4 events):
Event: 1.391 GC heap before
{Heap before GC invocations=1 (full 0):
 PSYoungGen      total 36864K, used 31744K [0x00000000e0000000, 0x00000000e2900000, 0x0000000100000000)
  eden space 31744K, 100% used [0x00000000e0000000,0x00000000e1f00000,0x00000000e1f00000)
  from space 5120K, 0% used [0x00000000e2400000,0x00000000e2400000,0x00000000e2900000)
  to   space 5120K, 0% used [0x00000000e1f00000,0x00000000e1f00000,0x00000000e2400000)
 ParOldGen       total 84992K, used 0K [0x00000000a0000000, 0x00000000a5300000, 0x00000000e0000000)
  object space 84992K, 0% used [0x00000000a0000000,0x00000000a0000000,0x00000000a5300000)
 Metaspace       used 6781K, capacity 6900K, committed 7040K, reserved 1056768K
  class space    used 832K, capacity 892K, committed 896K, reserved 1048576K
Event: 1.396 GC heap after
Heap after GC invocations=1 (full 0):
 PSYoungGen      total 36864K, used 4074K [0x00000000e0000000, 0x00000000e2900000, 0x0000000100000000)
  eden space 31744K, 0% used [0x00000000e0000000,0x00000000e0000000,0x00000000e1f00000)
  from space 5120K, 79% used [0x00000000e1f00000,0x00000000e22fa828,0x00000000e2400000)
  to   space 5120K, 0% used [0x00000000e2400000,0x00000000e2400000,0x00000000e2900000)
 ParOldGen       total 84992K, used 8K [0x00000000a0000000, 0x00000000a5300000, 0x00000000e0000000)
  object space 84992K, 0% used [0x00000000a0000000,0x00000000a0002000,0x00000000a5300000)
 Metaspace       used 6781K, capacity 6900K, committed 7040K, reserved 1056768K
  class space    used 832K, capacity 892K, committed 896K, reserved 1048576K
}
Event: 2.887 GC heap before
{Heap before GC invocations=2 (full 0):
 PSYoungGen      total 36864K, used 35818K [0x00000000e0000000, 0x00000000e2900000, 0x0000000100000000)
  eden space 31744K, 100% used [0x00000000e0000000,0x00000000e1f00000,0x00000000e1f00000)
  from space 5120K, 79% used [0x00000000e1f00000,0x00000000e22fa828,0x00000000e2400000)
  to   space 5120K, 0% used [0x00000000e2400000,0x00000000e2400000,0x00000000e2900000)
 ParOldGen       total 84992K, used 8K [0x00000000a0000000, 0x00000000a5300000, 0x00000000e0000000)
  object space 84992K, 0% used [0x00000000a0000000,0x00000000a0002000,0x00000000a5300000)
 Metaspace       used 12917K, capacity 13298K, committed 13440K, reserved 1060864K
  class space    used 1699K, capacity 1842K, committed 1920K, reserved 1048576K
Event: 2.893 GC heap after
Heap after GC invocations=2 (full 0):
 PSYoungGen      total 36864K, used 5094K [0x00000000e0000000, 0x00000000e2900000, 0x0000000100000000)
  eden space 31744K, 0% used [0x00000000e0000000,0x00000000e0000000,0x00000000e1f00000)
  from space 5120K, 99% used [0x00000000e2400000,0x00000000e28f99e8,0x00000000e2900000)
  to   space 5120K, 0% used [0x00000000e1f00000,0x00000000e1f00000,0x00000000e2400000)
 ParOldGen       total 84992K, used 695K [0x00000000a0000000, 0x00000000a5300000, 0x00000000e0000000)
  object space 84992K, 0% used [0x00000000a0000000,0x00000000a00adce0,0x00000000a5300000)
 Metaspace       used 12917K, capacity 13298K, committed 13440K, reserved 1060864K
  class space    used 1699K, capacity 1842K, committed 1920K, reserved 1048576K
}

Deoptimization events (10 events):
Event: 1.914 Thread 0x000000000233d800 Uncommon trap: reason=unstable_if action=reinterpret pc=0x0000000002639ad4 method=java.io.WinNTFileSystem.normalize(Ljava/lang/String;II)Ljava/lang/String; @ 90
Event: 1.940 Thread 0x000000000233d800 Uncommon trap: reason=unstable_if action=reinterpret pc=0x00000000025de854 method=java.lang.String.substring(I)Ljava/lang/String; @ 35
Event: 2.015 Thread 0x000000000233d800 Uncommon trap: reason=unstable_if action=reinterpret pc=0x000000000259b67c method=java.util.HashMap.getNode(ILjava/lang/Object;)Ljava/util/HashMap$Node; @ 129
Event: 2.015 Thread 0x000000000233d800 Uncommon trap: reason=bimorphic action=maybe_recompile pc=0x00000000025caf28 method=java.util.HashMap.putVal(ILjava/lang/Object;Ljava/lang/Object;ZZ)Ljava/lang/Object; @ 203
Event: 2.015 Thread 0x000000000233d800 Uncommon trap: reason=bimorphic action=maybe_recompile pc=0x00000000025c2fb4 method=java.util.HashMap.putVal(ILjava/lang/Object;Ljava/lang/Object;ZZ)Ljava/lang/Object; @ 203
Event: 2.726 Thread 0x000000000233d800 Uncommon trap: reason=unstable_if action=reinterpret pc=0x0000000002583f58 method=java.lang.String$CaseInsensitiveComparator.compare(Ljava/lang/String;Ljava/lang/String;)I @ 26
Event: 2.737 Thread 0x000000000233d800 Uncommon trap: reason=unstable_if action=reinterpret pc=0x000000000264a270 method=java.util.LinkedHashMap.afterNodeInsertion(Z)V @ 1
Event: 2.848 Thread 0x0000000018731000 Uncommon trap: reason=bimorphic action=maybe_recompile pc=0x0000000002692994 method=java.util.HashMap.putVal(ILjava/lang/Object;Ljava/lang/Object;ZZ)Ljava/lang/Object; @ 253
Event: 2.848 Thread 0x0000000018731000 Uncommon trap: reason=bimorphic action=maybe_recompile pc=0x0000000002692994 method=java.util.HashMap.putVal(ILjava/lang/Object;Ljava/lang/Object;ZZ)Ljava/lang/Object; @ 253
Event: 2.849 Thread 0x0000000018731000 Uncommon trap: reason=bimorphic action=maybe_recompile pc=0x0000000002693780 method=java.util.HashMap.putVal(ILjava/lang/Object;Ljava/lang/Object;ZZ)Ljava/lang/Object; @ 253

Internal exceptions (10 events):
Event: 2.775 Thread 0x000000000233d800 Exception <a 'java/lang/ArrayIndexOutOfBoundsException'> (0x00000000e19f9ac8) thrown at [C:\src\android\AOSP-openjdk\external\jetbrains\jdk\hotspot\src\share\vm\runtime\sharedRuntime.cpp, line 605]
Event: 2.776 Thread 0x0000000018c94000 Exception <a 'java/lang/NoSuchMethodError': <clinit>> (0x00000000e1a94f30) thrown at [C:\src\android\AOSP-openjdk\external\jetbrains\jdk\hotspot\src\share\vm\prims\jni.cpp, line 1613]
Event: 2.809 Thread 0x0000000018c94000 Exception <a 'java/lang/NoSuchMethodError': <clinit>> (0x00000000e1b104f8) thrown at [C:\src\android\AOSP-openjdk\external\jetbrains\jdk\hotspot\src\share\vm\prims\jni.cpp, line 1613]
Event: 2.813 Thread 0x0000000018c94000 Exception <a 'java/lang/NoSuchMethodError': <clinit>> (0x00000000e1b20bd8) thrown at [C:\src\android\AOSP-openjdk\external\jetbrains\jdk\hotspot\src\share\vm\prims\jni.cpp, line 1613]
Event: 2.819 Thread 0x0000000018c94000 Exception <a 'java/lang/NoSuchMethodError': <clinit>> (0x00000000e1b46370) thrown at [C:\src\android\AOSP-openjdk\external\jetbrains\jdk\hotspot\src\share\vm\prims\jni.cpp, line 1613]
Event: 2.839 Thread 0x0000000018731000 Exception <a 'java/lang/NoSuchMethodError': <clinit>> (0x00000000e1c49780) thrown at [C:\src\android\AOSP-openjdk\external\jetbrains\jdk\hotspot\src\share\vm\prims\jni.cpp, line 1613]
Event: 2.840 Thread 0x0000000018731000 Exception <a 'java/lang/NoSuchMethodError': <clinit>> (0x00000000e1c51a08) thrown at [C:\src\android\AOSP-openjdk\external\jetbrains\jdk\hotspot\src\share\vm\prims\jni.cpp, line 1613]
Event: 2.881 Thread 0x0000000018731000 Exception <a 'java/lang/ArrayIndexOutOfBoundsException'> (0x00000000e1e9ed80) thrown at [C:\src\android\AOSP-openjdk\external\jetbrains\jdk\hotspot\src\share\vm\runtime\sharedRuntime.cpp, line 605]
Event: 2.904 Thread 0x0000000018731000 Exception <a 'java/lang/ArrayIndexOutOfBoundsException'> (0x00000000e00896f0) thrown at [C:\src\android\AOSP-openjdk\external\jetbrains\jdk\hotspot\src\share\vm\runtime\sharedRuntime.cpp, line 605]
Event: 2.904 Thread 0x0000000018731000 Exception <a 'java/lang/ArrayIndexOutOfBoundsException'> (0x00000000e008ab40) thrown at [C:\src\android\AOSP-openjdk\external\jetbrains\jdk\hotspot\src\share\vm\runtime\sharedRuntime.cpp, line 605]

Events (10 events):
Event: 3.035 loading class com/google/common/cache/Cache
Event: 3.035 loading class com/google/common/cache/Cache done
Event: 3.036 loading class com/google/common/cache/LoadingCache
Event: 3.036 loading class com/google/common/cache/LoadingCache done
Event: 3.036 loading class com/google/common/cache/CacheBuilder$3
Event: 3.036 loading class com/google/common/cache/CacheBuilder$3 done
Event: 3.036 loading class com/google/common/cache/CacheBuilder$1
Event: 3.036 loading class com/google/common/cache/CacheBuilder$1 done
Event: 3.036 loading class com/google/common/cache/AbstractCache$StatsCounter
Event: 3.036 loading class com/google/common/cache/AbstractCache$StatsCounter done


Dynamic libraries:
0x00007ff612400000 - 0x00007ff612431000 	C:\Program Files\Android\Android Studio\jre\bin\java.exe
0x00007ffd03e60000 - 0x00007ffd04031000 	C:\WINDOWS\SYSTEM32\ntdll.dll
0x00007ffd01ae0000 - 0x00007ffd01b8c000 	C:\WINDOWS\System32\KERNEL32.DLL
0x00007ffce21b0000 - 0x00007ffce21e3000 	C:\Program Files\AVAST Software\Avast\x64\aswhooka.dll
0x00007ffd00810000 - 0x00007ffd00a2d000 	C:\WINDOWS\System32\KERNELBASE.dll
0x00007ffd013d0000 - 0x00007ffd01472000 	C:\WINDOWS\System32\ADVAPI32.dll
0x00007ffd023b0000 - 0x00007ffd0244e000 	C:\WINDOWS\System32\msvcrt.dll
0x00007ffd03bd0000 - 0x00007ffd03c29000 	C:\WINDOWS\System32\sechost.dll
0x00007ffd03c30000 - 0x00007ffd03d51000 	C:\WINDOWS\System32\RPCRT4.dll
0x00007ffd01820000 - 0x00007ffd01985000 	C:\WINDOWS\System32\USER32.dll
0x00007ffd00570000 - 0x00007ffd0058e000 	C:\WINDOWS\System32\win32u.dll
0x00007ffd01c30000 - 0x00007ffd01c64000 	C:\WINDOWS\System32\GDI32.dll
0x00007ffd00680000 - 0x00007ffd00802000 	C:\WINDOWS\System32\gdi32full.dll
0x00007ffcf2d40000 - 0x00007ffcf2fba000 	C:\WINDOWS\WinSxS\amd64_microsoft.windows.common-controls_6595b64144ccf1df_6.0.14393.953_none_42151e83c686086b\COMCTL32.dll
0x00007ffd01550000 - 0x00007ffd01818000 	C:\WINDOWS\System32\combase.dll
0x00007ffd00ae0000 - 0x00007ffd00bd5000 	C:\WINDOWS\System32\ucrtbase.dll
0x00007ffd00330000 - 0x00007ffd0039a000 	C:\WINDOWS\System32\bcryptPrimitives.dll
0x00007ffd01ba0000 - 0x00007ffd01bce000 	C:\WINDOWS\System32\IMM32.DLL
0x000000006b640000 - 0x000000006b712000 	C:\Program Files\Android\Android Studio\jre\jre\bin\msvcr100.dll
0x000000006b940000 - 0x000000006c17c000 	C:\Program Files\Android\Android Studio\jre\jre\bin\server\jvm.dll
0x00007ffd01b90000 - 0x00007ffd01b98000 	C:\WINDOWS\System32\PSAPI.DLL
0x00007ffcf3d60000 - 0x00007ffcf3d69000 	C:\WINDOWS\SYSTEM32\WSOCK32.dll
0x00007ffd02340000 - 0x00007ffd023aa000 	C:\WINDOWS\System32\WS2_32.dll
0x00007ffcfe750000 - 0x00007ffcfe773000 	C:\WINDOWS\SYSTEM32\WINMM.dll
0x00007ffcf9e00000 - 0x00007ffcf9e0a000 	C:\WINDOWS\SYSTEM32\VERSION.dll
0x00007ffcfe6f0000 - 0x00007ffcfe71b000 	C:\WINDOWS\SYSTEM32\WINMMBASE.dll
0x00007ffd00590000 - 0x00007ffd005d2000 	C:\WINDOWS\System32\cfgmgr32.dll
0x00007ffcf9950000 - 0x00007ffcf995f000 	C:\Program Files\Android\Android Studio\jre\jre\bin\verify.dll
0x00007ffcf8ec0000 - 0x00007ffcf8ee9000 	C:\Program Files\Android\Android Studio\jre\jre\bin\java.dll
0x00007ffcf64e0000 - 0x00007ffcf64f6000 	C:\Program Files\Android\Android Studio\jre\jre\bin\zip.dll
0x00007ffd02650000 - 0x00007ffd03b58000 	C:\WINDOWS\System32\SHELL32.dll
0x00007ffd00cf0000 - 0x00007ffd013ca000 	C:\WINDOWS\System32\windows.storage.dll
0x00007ffd002b0000 - 0x00007ffd002fc000 	C:\WINDOWS\System32\powrprof.dll
0x00007ffd025f0000 - 0x00007ffd02642000 	C:\WINDOWS\System32\shlwapi.dll
0x00007ffd00320000 - 0x00007ffd0032f000 	C:\WINDOWS\System32\kernel.appcore.dll
0x00007ffd00c40000 - 0x00007ffd00ce9000 	C:\WINDOWS\System32\shcore.dll
0x00007ffd00300000 - 0x00007ffd00314000 	C:\WINDOWS\System32\profapi.dll
0x00007ffcf63e0000 - 0x00007ffcf63fa000 	C:\Program Files\Android\Android Studio\jre\jre\bin\net.dll
0x00007ffcffbd0000 - 0x00007ffcffc2c000 	C:\WINDOWS\system32\mswsock.dll
0x00007ffcf56d0000 - 0x00007ffcf56e1000 	C:\Program Files\Android\Android Studio\jre\jre\bin\nio.dll
0x00007ffcfa9b0000 - 0x00007ffcfa9ce000 	C:\Users\Borge\.gradle\native\23\windows-amd64\native-platform.dll
0x00007ffcffd70000 - 0x00007ffcffd87000 	C:\WINDOWS\SYSTEM32\CRYPTSP.dll
0x00007ffcff7d0000 - 0x00007ffcff803000 	C:\WINDOWS\system32\rsaenh.dll
0x00007ffcffe80000 - 0x00007ffcffeab000 	C:\WINDOWS\SYSTEM32\bcrypt.dll
0x00007ffcffa50000 - 0x00007ffcffa6f000 	C:\WINDOWS\SYSTEM32\USERENV.dll
0x00007ffcffd90000 - 0x00007ffcffd9b000 	C:\WINDOWS\SYSTEM32\CRYPTBASE.dll
0x00007ffcff950000 - 0x00007ffcff988000 	C:\WINDOWS\SYSTEM32\IPHLPAPI.DLL
0x00007ffd01ab0000 - 0x00007ffd01ab8000 	C:\WINDOWS\System32\NSI.dll
0x00007ffcf9db0000 - 0x00007ffcf9dc6000 	C:\WINDOWS\SYSTEM32\dhcpcsvc6.DLL
0x00007ffcf9d90000 - 0x00007ffcf9daa000 	C:\WINDOWS\SYSTEM32\dhcpcsvc.DLL
0x00007ffcf64d0000 - 0x00007ffcf64dd000 	C:\Program Files\Android\Android Studio\jre\jre\bin\management.dll

VM Arguments:
jvm_args: -Xmx1536m -Dfile.encoding=windows-1252 -Duser.country=NO -Duser.language=no -Duser.variant 
java_command: org.gradle.launcher.daemon.bootstrap.GradleDaemon 3.3
java_class_path (initial): C:\Users\Borge\.gradle\wrapper\dists\gradle-3.3-all\55gk2rcmfc6p2dg9u9ohc3hw9\gradle-3.3\lib\gradle-launcher-3.3.jar
Launcher Type: SUN_STANDARD

Environment Variables:
PATH=C:\Program Files\ImageMagick-7.0.3-Q16;C:\Program Files (x86)\NVIDIA Corporation\PhysX\Common;C:\Program Files (x86)\iis express\PHP\v5.5;C:\oraclexe\app\oracle\product\11.2.0\server\bin;C:\ProgramData\Oracle\Java\javapath;C:\Program Files (x86)\MATLAB\R2013a Student\bin;C:\Program Files (x86)\MATLAB\R2013a Student\bin\win32;C:\Windows\system32;C:\Windows;C:\Windows\System32\Wbem;C:\WinAVR-20100110\bin;C:\WinAVR-20100110\utils\bin;C:\a;C:\MinGW\bin;C:\Windows\System32\WindowsPowerShell\v1.0\;C:\Python34;C:\Python34\Scripts\;C:\Python27;C:\Program Files (x86)\Intel\OpenCL SDK\3.0\bin\x86;C:\Program Files (x86)\Intel\OpenCL SDK\3.0\bin\x64;C:\WINDOWS\system32;C:\WINDOWS;C:\WINDOWS\System32\Wbem;C:\WINDOWS\System32\WindowsPowerShell\v1.0\;C:\Python27\;C:\Program Files (x86)\IIS Express;C:\Users\Borge\AppData\Local\atom\bin;C:\Program Files\Intel\WiFi\bin\;C:\Program Files\Common Files\Intel\WirelessCommon\;C:\WINDOWS\system32;C:\WINDOWS;C:\WINDOWS\System32\Wbem;C:\WINDOWS\System32\WindowsPowerShell\v1.0\;C:\Program Files\MiKTeX 2.9\miktex\bin\x64\;C:\Program Files (x86)\Skype\Phone\;C:\WINDOWS\system32;C:\WINDOWS;C:\WINDOWS\System32\Wbem;C:\WINDOWS\System32\WindowsPowerShell\v1.0\;C:\WinAVR-20100110\bin;C:\WinAVR-20100110\utils\bin;C:\a;C:\MinGW\bin;C:\Python27\;C:\Users\Borge\AppData\Local\atom\bin;C:\Program Files\Intel\WiFi\bin\;C:\Program Files\Common Files\Intel\WirelessCommon\;C:\Users\Borge\AppData\Local\Microsoft\WindowsApps;
USERNAME=Borge
OS=Windows_NT
PROCESSOR_IDENTIFIER=Intel64 Family 6 Model 58 Stepping 9, GenuineIntel



---------------  S Y S T E M  ---------------

OS: Windows 10.0 , 64 bit Build 14393 (10.0.14393.1198)

CPU:total 4 (2 cores per cpu, 2 threads per core) family 6 model 58 stepping 9, cmov, cx8, fxsr, mmx, sse, sse2, sse3, ssse3, sse4.1, sse4.2, popcnt, avx, aes, clmul, erms, ht, tsc, tscinvbit, tscinv

Memory: 4k page, physical 8060112k(1818908k free), swap 9984208k(4680k free)

vm_info: OpenJDK 64-Bit Server VM (25.112-b06) for windows-amd64 JRE (1.8.0_112-release-b06), built on Dec  8 2016 00:54:26 by "builder" with MS VC++ 10.0 (VS2010)

time: Fri Jun 09 23:25:20 2017
elapsed time: 3 seconds (0d 0h 0m 3s)

